<?xml version="1.0" encoding="UTF-8"?>
<!-- Generated by org.testng.reporters.JUnitReportReporter -->
<testsuite hostname="GGKU5DELL1725" failures="0" tests="1" name="test2.Session_26_testngdemo" time="11.764" errors="0" timestamp="2022-09-13T16:37:34 IST" skipped="0">
  <testcase classname="test2.Session_26_testngdemo" name="verifyPageTitle" time="11.764"/>
  <system-out/>
</testsuite> <!-- test2.Session_26_testngdemo -->
