<?xml version="1.0" encoding="UTF-8"?>
<!-- Generated by org.testng.reporters.JUnitReportReporter -->
<testsuite hostname="GGKU5DELL1725" failures="0" tests="3" name="batch_testing.HomeScreenTest" time="0.010" errors="0" timestamp="2022-09-21T14:28:05 IST" skipped="0">
  <testcase classname="batch_testing.HomeScreenTest" name="launchapplication" time="0.008"/>
  <system-out/>
  <testcase classname="batch_testing.HomeScreenTest" name="verifylogo" time="0.001"/>
  <system-out/>
  <testcase classname="batch_testing.HomeScreenTest" name="verifytitle" time="0.001"/>
  <system-out/>
</testsuite> <!-- batch_testing.HomeScreenTest -->
