<?xml version="1.0" encoding="UTF-8"?>
<!-- Generated by org.testng.reporters.JUnitReportReporter -->
<testsuite hostname="GGKU5DELL1725" failures="0" tests="5" name="test2.Session_28_enable" time="0.012" errors="0" timestamp="2022-09-13T17:06:48 IST" skipped="0">
  <testcase classname="test2.Session_28_enable" name="APIloginPersonalLoan" time="0.009"/>
  <system-out/>
  <testcase classname="test2.Session_28_enable" name="APIloginautoLoan" time="0.001"/>
  <system-out/>
  <testcase classname="test2.Session_28_enable" name="AutoMobileloginLoan" time="0.000"/>
  <system-out/>
  <testcase classname="test2.Session_28_enable" name="WebloginAutoLoan" time="0.001"/>
  <system-out/>
  <testcase classname="test2.Session_28_enable" name="WebloginPersonalLoan" time="0.001"/>
  <system-out/>
</testsuite> <!-- test2.Session_28_enable -->
