<?xml version="1.0" encoding="UTF-8"?>
<!-- Generated by org.testng.reporters.JUnitReportReporter -->
<testsuite hostname="GGKU5DELL1725" failures="0" tests="4" name="testng_reports.TestNGReportsExample" time="0.006" errors="0" timestamp="2022-10-01T06:55:09 IST" skipped="0">
  <testcase classname="testng_reports.TestNGReportsExample" name="testMethod4" time="0.000"/>
  <system-out/>
  <testcase classname="testng_reports.TestNGReportsExample" name="testMethod2" time="0.001"/>
  <system-out/>
  <testcase classname="testng_reports.TestNGReportsExample" name="testMethod1" time="0.005"/>
  <system-out/>
  <testcase classname="testng_reports.TestNGReportsExample" name="testMethod3" time="0.000"/>
  <system-out/>
</testsuite> <!-- testng_reports.TestNGReportsExample -->
