<?xml version="1.0" encoding="UTF-8"?>
<!-- Generated by org.testng.reporters.JUnitReportReporter -->
<testsuite hostname="GGKU5DELL1725" failures="0" tests="2" name="test_ng.Session_31_parameter_google_search" time="23.485" errors="0" timestamp="2022-09-13T20:29:21 IST" skipped="0">
  <testcase classname="test_ng.Session_31_parameter_google_search" name="googlesearch" time="12.480"/>
  <system-out/>
  <testcase classname="test_ng.Session_31_parameter_google_search" name="googlesearch" time="11.005"/>
  <system-out/>
</testsuite> <!-- test_ng.Session_31_parameter_google_search -->
