<?xml version="1.0" encoding="UTF-8"?>
<!-- Generated by org.testng.reporters.JUnitReportReporter -->
<testsuite hostname="GGKU5DELL1725" failures="0" tests="2" name="batch_testing.LoginTest" time="0.001" errors="0" timestamp="2022-09-21T14:28:05 IST" skipped="0">
  <testcase classname="batch_testing.LoginTest" name="loginbyemail" time="0.000"/>
  <system-out/>
  <testcase classname="batch_testing.LoginTest" name="loginbymobilenumber" time="0.001"/>
  <system-out/>
</testsuite> <!-- batch_testing.LoginTest -->
