<?xml version="1.0" encoding="UTF-8"?>
<!-- Generated by org.testng.reporters.JUnitReportReporter -->
<testsuite hostname="GGKU5DELL1725" failures="0" tests="3" name="test2.Session_30_Annoations_Attributes" time="0.009" errors="0" timestamp="2022-09-13T18:24:12 IST" skipped="0">
  <testcase classname="test2.Session_30_Annoations_Attributes" name="testcases3" time="0.006"/>
  <system-out/>
  <testcase classname="test2.Session_30_Annoations_Attributes" name="testcases2" time="0.001"/>
  <system-out/>
  <testcase classname="test2.Session_30_Annoations_Attributes" name="testcases1" time="0.002"/>
  <system-out/>
</testsuite> <!-- test2.Session_30_Annoations_Attributes -->
