<?xml version="1.0" encoding="UTF-8"?>
<!-- Generated by org.testng.reporters.JUnitReportReporter -->
<testsuite hostname="GGKU5DELL1725" failures="0" tests="3" name="test_ng.Session_32_data_provider" time="59.761" errors="0" timestamp="2022-09-13T22:02:33 IST" skipped="0">
  <testcase classname="test_ng.Session_32_data_provider" name="testcasegoogle" time="18.884"/>
  <system-out/>
  <testcase classname="test_ng.Session_32_data_provider" name="testcasegoogle" time="21.523"/>
  <system-out/>
  <testcase classname="test_ng.Session_32_data_provider" name="testcasegoogle" time="19.354"/>
  <system-out/>
</testsuite> <!-- test_ng.Session_32_data_provider -->
