<?xml version="1.0" encoding="UTF-8"?>
<!-- Generated by org.testng.reporters.JUnitReportReporter -->
<testsuite hostname="GGKU5DELL1725" failures="0" tests="6" name="test_ng.Session_37_incocationcount" time="0.007" errors="0" timestamp="2022-09-21T14:39:13 IST" skipped="0">
  <testcase classname="test_ng.Session_37_incocationcount" name="testMethod1" time="0.004"/>
  <system-out/>
  <testcase classname="test_ng.Session_37_incocationcount" name="testMethod1" time="0.001"/>
  <system-out/>
  <testcase classname="test_ng.Session_37_incocationcount" name="testMethod2" time="0.000"/>
  <system-out/>
  <testcase classname="test_ng.Session_37_incocationcount" name="testMethod1" time="0.001"/>
  <system-out/>
  <testcase classname="test_ng.Session_37_incocationcount" name="testMethod1" time="0.001"/>
  <system-out/>
  <testcase classname="test_ng.Session_37_incocationcount" name="testMethod1" time="0.000"/>
  <system-out/>
</testsuite> <!-- test_ng.Session_37_incocationcount -->
