<?xml version="1.0" encoding="UTF-8"?>
<!-- Generated by org.testng.reporters.JUnitReportReporter -->
<testsuite hostname="GGKU5DELL1725" failures="0" tests="2" name="test2.Session_29_TestNG_annotations" time="0.003" errors="0" timestamp="2022-09-13T17:43:40 IST" skipped="0">
  <testcase classname="test2.Session_29_TestNG_annotations" name="test2" time="0.001"/>
  <system-out/>
  <testcase classname="test2.Session_29_TestNG_annotations" name="test1" time="0.002"/>
  <system-out/>
</testsuite> <!-- test2.Session_29_TestNG_annotations -->
