<?xml version="1.0" encoding="UTF-8"?>
<!-- Generated by org.testng.reporters.JUnitReportReporter -->
<testsuite hostname="GGKU5DELL1725" failures="0" tests="2" name="test_ng.Session_30_group_attributes" time="0.007" errors="0" timestamp="2022-09-13T18:42:30 IST" skipped="0">
  <testcase classname="test_ng.Session_30_group_attributes" name="infosys" time="0.006"/>
  <system-out/>
  <testcase classname="test_ng.Session_30_group_attributes" name="wipro" time="0.001"/>
  <system-out/>
</testsuite> <!-- test_ng.Session_30_group_attributes -->
