<?xml version="1.0" encoding="UTF-8"?>
<!-- Generated by org.testng.reporters.JUnitReportReporter -->
<testsuite hostname="GGKU5DELL1725" failures="0" tests="2" name="test2.Loan_Dep" time="0.006" errors="0" timestamp="2022-09-13T16:55:53 IST" skipped="0">
  <testcase classname="test2.Loan_Dep" name="MobileloginPersonalLoan" time="0.005"/>
  <system-out/>
  <testcase classname="test2.Loan_Dep" name="WebloginPersonalLoan" time="0.001"/>
  <system-out/>
</testsuite> <!-- test2.Loan_Dep -->
