<?xml version="1.0" encoding="UTF-8"?>
<!-- Generated by org.testng.reporters.JUnitReportReporter -->
<testsuite hostname="GGKU5DELL1725" failures="0" tests="3" name="test_ng.Session_31_Parameter_demo" time="0.009" errors="0" timestamp="2022-09-13T19:52:55 IST" skipped="0">
  <testcase classname="test_ng.Session_31_Parameter_demo" name="add" time="0.007"/>
  <system-out/>
  <testcase classname="test_ng.Session_31_Parameter_demo" name="mul" time="0.001"/>
  <system-out/>
  <testcase classname="test_ng.Session_31_Parameter_demo" name="sub" time="0.001"/>
  <system-out/>
</testsuite> <!-- test_ng.Session_31_Parameter_demo -->
