<?xml version="1.0" encoding="UTF-8"?>
<!-- Generated by org.testng.reporters.JUnitReportReporter -->
<testsuite hostname="GGKU5DELL1725" failures="0" tests="2" name="test2.Session_27_Testng_xml" time="0.006" errors="0" timestamp="2022-09-13T16:37:34 IST" skipped="0">
  <testcase classname="test2.Session_27_Testng_xml" name="test2" time="0.001"/>
  <system-out/>
  <testcase classname="test2.Session_27_Testng_xml" name="test1" time="0.005"/>
  <system-out/>
</testsuite> <!-- test2.Session_27_Testng_xml -->
